<?xml version="1.0" encoding="UTF-8"?>
<testng-results ignored="0" total="1" passed="1" failed="0" skipped="0">
  <reporter-output>
  </reporter-output>
  <suite started-at="2025-03-20T13:56:46 PKT" name="Login Automation Suite" finished-at="2025-03-20T13:56:57 PKT" duration-ms="10836">
    <groups>
    </groups>
    <test started-at="2025-03-20T13:56:46 PKT" name="Login Tests" finished-at="2025-03-20T13:56:57 PKT" duration-ms="10836">
      <class name="testCases.LoginTest">
        <test-method is-config="true" signature="setup()[pri:0, instance:testCases.LoginTest@59fd97a8]" started-at="2025-03-20T13:56:46 PKT" name="setup" finished-at="2025-03-20T13:56:53 PKT" duration-ms="7331" status="PASS">
          <reporter-output>
          </reporter-output>
        </test-method> <!-- setup -->
        <test-method signature="testSuccessfulLogin()[pri:0, instance:testCases.LoginTest@59fd97a8]" started-at="2025-03-20T13:56:53 PKT" name="testSuccessfulLogin" finished-at="2025-03-20T13:56:56 PKT" duration-ms="3170" status="PASS">
          <reporter-output>
          </reporter-output>
        </test-method> <!-- testSuccessfulLogin -->
        <test-method is-config="true" signature="tearDown()[pri:0, instance:testCases.LoginTest@59fd97a8]" started-at="2025-03-20T13:56:56 PKT" name="tearDown" finished-at="2025-03-20T13:56:57 PKT" duration-ms="258" status="PASS">
          <reporter-output>
          </reporter-output>
        </test-method> <!-- tearDown -->
      </class> <!-- testCases.LoginTest -->
    </test> <!-- Login Tests -->
  </suite> <!-- Login Automation Suite -->
</testng-results>
