<?xml version="1.0" encoding="UTF-8"?>
<testng-results ignored="0" total="1" passed="1" failed="0" skipped="0">
  <reporter-output>
  </reporter-output>
  <suite started-at="2025-03-20T13:20:05 PKT" name="Default suite" finished-at="2025-03-20T13:20:12 PKT" duration-ms="7391">
    <groups>
    </groups>
    <test started-at="2025-03-20T13:20:05 PKT" name="Default test" finished-at="2025-03-20T13:20:12 PKT" duration-ms="7391">
      <class name="testCases.LoginTest">
        <test-method is-config="true" signature="setup()[pri:0, instance:testCases.LoginTest@41d477ed]" started-at="2025-03-20T13:20:05 PKT" name="setup" finished-at="2025-03-20T13:20:09 PKT" duration-ms="4608" status="PASS">
          <reporter-output>
          </reporter-output>
        </test-method> <!-- setup -->
        <test-method signature="testSuccessfulLogin()[pri:0, instance:testCases.LoginTest@41d477ed]" started-at="2025-03-20T13:20:09 PKT" name="testSuccessfulLogin" finished-at="2025-03-20T13:20:12 PKT" duration-ms="2553" status="PASS">
          <reporter-output>
          </reporter-output>
        </test-method> <!-- testSuccessfulLogin -->
        <test-method is-config="true" signature="tearDown()[pri:0, instance:testCases.LoginTest@41d477ed]" started-at="2025-03-20T13:20:12 PKT" name="tearDown" finished-at="2025-03-20T13:20:12 PKT" duration-ms="191" status="PASS">
          <reporter-output>
          </reporter-output>
        </test-method> <!-- tearDown -->
      </class> <!-- testCases.LoginTest -->
    </test> <!-- Default test -->
  </suite> <!-- Default suite -->
</testng-results>
